Arguments: 
  /usr/local/Cellar/node/10.6.0/bin/node /usr/local/Cellar/yarn/1.7.0/libexec/bin/yarn.js install

PATH: 
  /Users/mstroeck/.asdf/shims:/Users/mstroeck/.asdf/bin:/usr/local/var/rbenv/shims:/usr/local/bin:/Users/mstroeck/.rbenv/shims:/usr/local/bin:/usr/bin:/bin:/usr/sbin:/sbin:/usr/local/opt/fzf/bin

Yarn version: 
  1.7.0

Node version: 
  8.11.1

Platform: 
  darwin x64

Trace: 
  Error: getaddrinfo ENOTFOUND registry.yarnpkg.com registry.yarnpkg.com:443
      at errnoException (dns.js:50:10)
      at GetAddrInfoReqWrap.onlookup [as oncomplete] (dns.js:92:26)

npm manifest: 
  {
      "title": "Bento",
      "name": "bento-web",
      "version": "0.1",
      "description": "Bento",
      "keywords": [
          "css",
          "sass",
          "html",
          "responsive",
          "theme",
          "template"
      ],
      "homepage": "https://bento.build",
      "bugs": {
          "url": "https://github.com/bento-build/bento-webd/issues",
          "email": "hello@bento.build"
      },
      "license": "MIT",
      "author": "Michael G. Ströck",
      "contributors": [
          "David Miller (http://davidmiller.io/)",
          "Michael Ströck (https://angel.co/mstroeck)"
      ],
      "repository": {
          "type": "git",
          "url": "https://github.com/bento-build/bento-web.git"
      },
      "dependencies": {
          "bootstrap": "4.1.1",
          "font-awesome": "4.7.0",
          "jquery": "3.3.1"
      },
      "devDependencies": {
          "browser-sync": "2.24.5",
          "gulp": "^3.9.1",
          "gulp-clean-css": "3.9.4",
          "gulp-header": "2.0.5",
          "gulp-rename": "1.3.0",
          "gulp-sass": "4.0.1",
          "gulp-uglify": "3.0.0"
      }
  }

yarn manifest: 
  No manifest

Lockfile: 
  No lockfile
